<?xml version="1.0" encoding="UTF-8"?>
<testng-results skipped="0" failed="0" ignored="0" total="1" passed="1">
  <reporter-output>
  </reporter-output>
  <suite name="Default suite" duration-ms="5430" started-at="2018-04-02T09:55:47Z" finished-at="2018-04-02T09:55:52Z">
    <groups>
    </groups>
    <test name="Default test" duration-ms="5430" started-at="2018-04-02T09:55:47Z" finished-at="2018-04-02T09:55:52Z">
      <class name="com.green.appiumAutomation.NewTest">
        <test-method status="PASS" signature="f()[pri:0, instance:com.green.appiumAutomation.NewTest@10bbd20a]" name="f" duration-ms="5393" started-at="2018-04-02T15:25:47Z" finished-at="2018-04-02T15:25:52Z">
          <reporter-output>
          </reporter-output>
        </test-method> <!-- f -->
      </class> <!-- com.green.appiumAutomation.NewTest -->
    </test> <!-- Default test -->
  </suite> <!-- Default suite -->
</testng-results>
